<?xml version="1.0" encoding="UTF-8"?>
<!-- Generated by org.testng.reporters.JUnitXMLReporter -->
<testsuite hostname="Cuelogics-MacBook-Pro.local" ignored="0" name="Test" tests="7" failures="0" timestamp="14 May 2018 20:42:28 GMT" time="237.2" errors="0">
  <testcase name="test_CreateAssignment" time="41.651" classname="com.ams.tests.CreateAssignmentTest"/>
  <testcase name="test_UpdateAssignment" time="26.019" classname="com.ams.tests.UpdateAssignmentTest"/>
  <testcase name="test_ProofReaderAssignment" time="20.329" classname="com.ams.tests.ProofReaderAssignmentTest"/>
  <testcase name="test_amsAddAssignment" time="42.08" classname="com.ams.tests.WRAssignmentExpiryTest"/>
  <testcase name="test_amsAddAssignment" time="41.76" classname="com.ams.tests.PRAssignmentExpiryTest"/>
  <testcase name="test_FinancialDashboard" time="13.313" classname="com.ams.tests.WRFinancialDashboardTest"/>
  <testcase name="test_FinancialDashboard" time="13.224" classname="com.ams.tests.PRFinancialDashboardTest"/>
</testsuite> <!-- Test -->
