<?xml version="1.0" encoding="UTF-8"?>
<testng-results skipped="0" failed="0" ignored="0" total="7" passed="7">
  <reporter-output>
  </reporter-output>
  <suite name="Suite" duration-ms="237200" started-at="2018-05-14T20:38:26Z" finished-at="2018-05-14T20:42:23Z">
    <groups>
    </groups>
    <test name="Test" duration-ms="237200" started-at="2018-05-14T20:38:26Z" finished-at="2018-05-14T20:42:23Z">
      <class name="com.ams.tests.WRFinancialDashboardTest">
        <test-method status="PASS" signature="setup()[pri:0, instance:com.ams.tests.WRFinancialDashboardTest@7b49cea0]" name="setup" is-config="true" duration-ms="5075" started-at="2018-05-14T20:41:46Z" finished-at="2018-05-14T20:41:51Z">
          <reporter-output>
          </reporter-output>
        </test-method> <!-- setup -->
        <test-method status="PASS" signature="test_FinancialDashboard()[pri:0, instance:com.ams.tests.WRFinancialDashboardTest@7b49cea0]" name="test_FinancialDashboard" duration-ms="13313" started-at="2018-05-14T20:41:51Z" finished-at="2018-05-14T20:42:04Z">
          <reporter-output>
          </reporter-output>
        </test-method> <!-- test_FinancialDashboard -->
        <test-method status="PASS" signature="quit()[pri:0, instance:com.ams.tests.WRFinancialDashboardTest@7b49cea0]" name="quit" is-config="true" duration-ms="133" started-at="2018-05-14T20:42:04Z" finished-at="2018-05-14T20:42:04Z">
          <reporter-output>
          </reporter-output>
        </test-method> <!-- quit -->
      </class> <!-- com.ams.tests.WRFinancialDashboardTest -->
      <class name="com.ams.tests.UpdateAssignmentTest">
        <test-method status="PASS" signature="setup()[pri:0, instance:com.ams.tests.UpdateAssignmentTest@67b92f0a]" name="setup" is-config="true" duration-ms="5227" started-at="2018-05-14T20:39:14Z" finished-at="2018-05-14T20:39:20Z">
          <reporter-output>
          </reporter-output>
        </test-method> <!-- setup -->
        <test-method status="PASS" signature="test_UpdateAssignment()[pri:0, instance:com.ams.tests.UpdateAssignmentTest@67b92f0a]" name="test_UpdateAssignment" duration-ms="26019" started-at="2018-05-14T20:39:20Z" finished-at="2018-05-14T20:39:46Z">
          <reporter-output>
          </reporter-output>
        </test-method> <!-- test_UpdateAssignment -->
        <test-method status="PASS" signature="quit()[pri:0, instance:com.ams.tests.UpdateAssignmentTest@67b92f0a]" name="quit" is-config="true" duration-ms="153" started-at="2018-05-14T20:39:46Z" finished-at="2018-05-14T20:39:46Z">
          <reporter-output>
          </reporter-output>
        </test-method> <!-- quit -->
      </class> <!-- com.ams.tests.UpdateAssignmentTest -->
      <class name="com.ams.tests.PRAssignmentExpiryTest">
        <test-method status="PASS" signature="setup()[pri:0, instance:com.ams.tests.PRAssignmentExpiryTest@61f8bee4]" name="setup" is-config="true" duration-ms="5268" started-at="2018-05-14T20:40:59Z" finished-at="2018-05-14T20:41:04Z">
          <reporter-output>
          </reporter-output>
        </test-method> <!-- setup -->
        <test-method status="PASS" signature="test_amsAddAssignment()[pri:0, instance:com.ams.tests.PRAssignmentExpiryTest@61f8bee4]" name="test_amsAddAssignment" duration-ms="41760" started-at="2018-05-14T20:41:04Z" finished-at="2018-05-14T20:41:46Z">
          <reporter-output>
          </reporter-output>
        </test-method> <!-- test_amsAddAssignment -->
      </class> <!-- com.ams.tests.PRAssignmentExpiryTest -->
      <class name="com.ams.tests.WRAssignmentExpiryTest">
        <test-method status="PASS" signature="setup()[pri:0, instance:com.ams.tests.WRAssignmentExpiryTest@4f970963]" name="setup" is-config="true" duration-ms="5274" started-at="2018-05-14T20:40:12Z" finished-at="2018-05-14T20:40:17Z">
          <reporter-output>
          </reporter-output>
        </test-method> <!-- setup -->
        <test-method status="PASS" signature="test_amsAddAssignment()[pri:0, instance:com.ams.tests.WRAssignmentExpiryTest@4f970963]" name="test_amsAddAssignment" duration-ms="42080" started-at="2018-05-14T20:40:17Z" finished-at="2018-05-14T20:40:59Z">
          <reporter-output>
          </reporter-output>
        </test-method> <!-- test_amsAddAssignment -->
      </class> <!-- com.ams.tests.WRAssignmentExpiryTest -->
      <class name="com.ams.tests.CreateAssignmentTest">
        <test-method status="PASS" signature="setup()[pri:0, instance:com.ams.tests.CreateAssignmentTest@1d16f93d]" name="setup" is-config="true" duration-ms="6747" started-at="2018-05-14T20:38:26Z" finished-at="2018-05-14T20:38:33Z">
          <reporter-output>
          </reporter-output>
        </test-method> <!-- setup -->
        <test-method status="PASS" signature="test_CreateAssignment()[pri:0, instance:com.ams.tests.CreateAssignmentTest@1d16f93d]" name="test_CreateAssignment" duration-ms="41651" started-at="2018-05-14T20:38:33Z" finished-at="2018-05-14T20:39:14Z">
          <reporter-output>
          </reporter-output>
        </test-method> <!-- test_CreateAssignment -->
        <test-method status="PASS" signature="quit()[pri:0, instance:com.ams.tests.CreateAssignmentTest@1d16f93d]" name="quit" is-config="true" duration-ms="146" started-at="2018-05-14T20:39:14Z" finished-at="2018-05-14T20:39:14Z">
          <reporter-output>
          </reporter-output>
        </test-method> <!-- quit -->
      </class> <!-- com.ams.tests.CreateAssignmentTest -->
      <class name="com.ams.tests.ProofReaderAssignmentTest">
        <test-method status="PASS" signature="setup()[pri:0, instance:com.ams.tests.ProofReaderAssignmentTest@2b9627bc]" name="setup" is-config="true" duration-ms="5165" started-at="2018-05-14T20:39:46Z" finished-at="2018-05-14T20:39:51Z">
          <reporter-output>
          </reporter-output>
        </test-method> <!-- setup -->
        <test-method status="PASS" signature="test_ProofReaderAssignment()[pri:0, instance:com.ams.tests.ProofReaderAssignmentTest@2b9627bc]" name="test_ProofReaderAssignment" duration-ms="20329" started-at="2018-05-14T20:39:51Z" finished-at="2018-05-14T20:40:11Z">
          <reporter-output>
          </reporter-output>
        </test-method> <!-- test_ProofReaderAssignment -->
        <test-method status="PASS" signature="quit()[pri:0, instance:com.ams.tests.ProofReaderAssignmentTest@2b9627bc]" name="quit" is-config="true" duration-ms="121" started-at="2018-05-14T20:40:11Z" finished-at="2018-05-14T20:40:12Z">
          <reporter-output>
          </reporter-output>
        </test-method> <!-- quit -->
      </class> <!-- com.ams.tests.ProofReaderAssignmentTest -->
      <class name="com.ams.tests.PRFinancialDashboardTest">
        <test-method status="PASS" signature="setup()[pri:0, instance:com.ams.tests.PRFinancialDashboardTest@887af79]" name="setup" is-config="true" duration-ms="5303" started-at="2018-05-14T20:42:04Z" finished-at="2018-05-14T20:42:10Z">
          <reporter-output>
          </reporter-output>
        </test-method> <!-- setup -->
        <test-method status="PASS" signature="test_FinancialDashboard()[pri:0, instance:com.ams.tests.PRFinancialDashboardTest@887af79]" name="test_FinancialDashboard" duration-ms="13224" started-at="2018-05-14T20:42:10Z" finished-at="2018-05-14T20:42:23Z">
          <reporter-output>
          </reporter-output>
        </test-method> <!-- test_FinancialDashboard -->
        <test-method status="PASS" signature="quit()[pri:0, instance:com.ams.tests.PRFinancialDashboardTest@887af79]" name="quit" is-config="true" duration-ms="150" started-at="2018-05-14T20:42:23Z" finished-at="2018-05-14T20:42:23Z">
          <reporter-output>
          </reporter-output>
        </test-method> <!-- quit -->
      </class> <!-- com.ams.tests.PRFinancialDashboardTest -->
    </test> <!-- Test -->
  </suite> <!-- Suite -->
</testng-results>
